  taskRun2.cpp
C:\Users\liavm\Desktop\DS\Medical System\Medical System\HashVolunteer.h(28,27): warning C4018: '<': signed/unsigned mismatch
C:\Users\liavm\Desktop\DS\Medical System\Medical System\HashClient.h(29,27): warning C4018: '<': signed/unsigned mismatch
C:\Users\liavm\Desktop\DS\Medical System\Medical System\HashTbls.h(55,28): warning C4018: '<': signed/unsigned mismatch
C:\Users\liavm\Desktop\DS\Medical System\Medical System\HashTbls.h(52): message : while compiling class template member function 'HashTbls<Volunteer,std::string>::HashTbls(int,T,K)'
          with
          [
              T=Volunteer,
              K=std::string
          ]
C:\Users\liavm\Desktop\DS\Medical System\Medical System\HashVolunteer.h(12): message : see reference to function template instantiation 'HashTbls<Volunteer,std::string>::HashTbls(int,T,K)' being compiled
          with
          [
              T=Volunteer,
              K=std::string
          ]
C:\Users\liavm\Desktop\DS\Medical System\Medical System\HashVolunteer.h(9): message : see reference to class template instantiation 'HashTbls<Volunteer,std::string>' being compiled
C:\Users\liavm\Desktop\DS\Medical System\Medical System\HashTbls.h(162,24): warning C4018: '<': signed/unsigned mismatch
C:\Users\liavm\Desktop\DS\Medical System\Medical System\HashTbls.h(151): message : while compiling class template member function 'bool HashTbls<Volunteer,std::string>::isPrime(unsigned int)'
C:\Users\liavm\Desktop\DS\Medical System\Medical System\HashTbls.h(141): message : see reference to function template instantiation 'bool HashTbls<Volunteer,std::string>::isPrime(unsigned int)' being compiled
C:\Users\liavm\Desktop\DS\Medical System\Medical System\HashTbls.h(76): message : while compiling class template member function 'int HashTbls<Volunteer,std::string>::search(K)'
          with
          [
              K=std::string
          ]
C:\Users\liavm\Desktop\DS\Medical System\Medical System\HashTbls.h(117): message : see reference to function template instantiation 'int HashTbls<Volunteer,std::string>::search(K)' being compiled
          with
          [
              K=std::string
          ]
C:\Users\liavm\Desktop\DS\Medical System\Medical System\HashTbls.h(52): message : while compiling class template member function 'HashTbls<Volunteer,std::string>::HashTbls(int,T,K)'
          with
          [
              T=Volunteer,
              K=std::string
          ]
C:\Users\liavm\Desktop\DS\Medical System\Medical System\HashVolunteer.h(12): message : see reference to function template instantiation 'HashTbls<Volunteer,std::string>::HashTbls(int,T,K)' being compiled
          with
          [
              T=Volunteer,
              K=std::string
          ]
  Medical System.vcxproj -> C:\Users\liavm\Desktop\DS\Medical System\Debug\Medical System.exe
